  myString.cpp
d:\visual studio 2015\hw_projects\siganevich_hw14\siganevich_hw14\mystring.h(29): warning C4522: myString: заданы несколько операторов присваивания
d:\visual studio 2015\hw_projects\siganevich_hw14\siganevich_hw14\mystring.cpp(71): warning C4018: <: несоответствие типов со знаком и без знака
d:\visual studio 2015\hw_projects\siganevich_hw14\siganevich_hw14\mystring.cpp(75): warning C4996: 'strncpy': This function or variable may be unsafe. Consider using strncpy_s instead. To disable deprecation, use _CRT_SECURE_NO_WARNINGS. See online help for details.
  c:\program files (x86)\windows kits\10\include\10.0.10240.0\ucrt\string.h(346): note:  см. объявление "strncpy"
d:\visual studio 2015\hw_projects\siganevich_hw14\siganevich_hw14\mystring.cpp(83): warning C4018: <: несоответствие типов со знаком и без знака
d:\visual studio 2015\hw_projects\siganevich_hw14\siganevich_hw14\mystring.cpp(85): warning C4018: <: несоответствие типов со знаком и без знака
d:\visual studio 2015\hw_projects\siganevich_hw14\siganevich_hw14\mystring.cpp(96): warning C4018: <=: несоответствие типов со знаком и без знака
d:\visual studio 2015\hw_projects\siganevich_hw14\siganevich_hw14\mystring.cpp(98): warning C4018: <=: несоответствие типов со знаком и без знака
d:\visual studio 2015\hw_projects\siganevich_hw14\siganevich_hw14\mystring.cpp(115): warning C4018: <: несоответствие типов со знаком и без знака
d:\visual studio 2015\hw_projects\siganevich_hw14\siganevich_hw14\mystring.cpp(117): warning C4018: <: несоответствие типов со знаком и без знака
d:\visual studio 2015\hw_projects\siganevich_hw14\siganevich_hw14\mystring.cpp(131): warning C4018: <: несоответствие типов со знаком и без знака
d:\visual studio 2015\hw_projects\siganevich_hw14\siganevich_hw14\mystring.cpp(133): warning C4018: <: несоответствие типов со знаком и без знака
d:\visual studio 2015\hw_projects\siganevich_hw14\siganevich_hw14\mystring.cpp(151): warning C4018: <: несоответствие типов со знаком и без знака
d:\visual studio 2015\hw_projects\siganevich_hw14\siganevich_hw14\mystring.cpp(153): warning C4018: <=: несоответствие типов со знаком и без знака
d:\visual studio 2015\hw_projects\siganevich_hw14\siganevich_hw14\mystring.cpp(164): warning C4018: <: несоответствие типов со знаком и без знака
d:\visual studio 2015\hw_projects\siganevich_hw14\siganevich_hw14\mystring.cpp(166): warning C4018: <=: несоответствие типов со знаком и без знака
d:\visual studio 2015\hw_projects\siganevich_hw14\siganevich_hw14\mystring.cpp(184): warning C4018: <: несоответствие типов со знаком и без знака
d:\visual studio 2015\hw_projects\siganevich_hw14\siganevich_hw14\mystring.cpp(186): warning C4018: <: несоответствие типов со знаком и без знака
d:\visual studio 2015\hw_projects\siganevich_hw14\siganevich_hw14\mystring.cpp(200): warning C4018: <: несоответствие типов со знаком и без знака
d:\visual studio 2015\hw_projects\siganevich_hw14\siganevich_hw14\mystring.cpp(202): warning C4018: <: несоответствие типов со знаком и без знака
  Siganevich_hw14.vcxproj -> D:\Visual Studio 2015\hw_projects\Siganevich_hw14\Debug\Siganevich_hw14.exe
  Siganevich_hw14.vcxproj -> D:\Visual Studio 2015\hw_projects\Siganevich_hw14\Debug\Siganevich_hw14.pdb (Full PDB)
